Arguments: 
  /home/dev/graalvm-ce-19.1.1/jre/languages/js/bin/node /usr/share/yarn/bin/yarn.js build

PATH: 
  /home/dev/jdk-12.0.2/bin:/home/dev/apache-maven-3.6.1/bin:/home/dev/graalvm-ce-19.1.1/bin:/home/dev/.local/bin:/home/dev/.npm-global/bin:/home/dev/.local/bin:/usr/local/sbin:/usr/local/bin:/usr/sbin:/usr/bin:/sbin:/bin:/usr/games:/usr/local/games:/snap/bin

Yarn version: 
  1.17.3

Node version: 
  10.15.2

Platform: 
  linux x64

Trace: 
  SyntaxError: /home/dev/git/quarkus-oidc/example/package.json: Unexpected token } in JSON at position 412
      at JSON.parse (native)
      at /usr/share/yarn/lib/cli.js:1625:59
      at Generator.next (native)
      at step (/usr/share/yarn/lib/cli.js:304:30)
      at /usr/share/yarn/lib/cli.js:315:13

npm manifest: 
  {
    "name": "quarkus-react-oidc",
    "version": "1.0.0",
    "private": true,
    "description": "Quarkus OIDC Example",
    "main": "index.js",
    "dependencies": {
      "@emotion/styled": "^10.0.15",
      "@reach/router": "^1.2.1",
      "@types/axios": "^0.14.0",
      "@types/reach__router": "^1.2.4",
      "@types/react-router-dom": "^4.3.5",
      "axios": "^0.19.0",
      "react": "^16.9.0",
      "react-dom": "^16.9.0",
    },
    "devDependencies": {
      "@babel/core": "^7.5.5",
      "@babel/preset-env": "^7.5.5",
      "@babel/preset-react": "^7.0.0",
      "@material-ui/core": "^4.3.3",
      "@types/react": "^16.9.2",
      "@types/react-dom": "^16.9.0",
      "autoprefixer": "^9.6.1",
      "babel-loader": "^8.0.6",
      "babel-plugin-styled-components": "^1.10.6",
      "file-loader": "^4.2.0",
      "html-loader": "^0.5.5",
      "html-webpack-plugin": "^3.2.0",
      "react-transition-group": "^4.2.2",
      "source-map-loader": "^0.2.4",
      "ts-loader": "^6.0.4",
      "typescript": "^3.5.3",
      "webpack": "^4.39.2",
      "webpack-cli": "^3.3.7"
    },
    "scripts": {
      "build": "webpack",
      "watch": "webpack --watch",
      "start": "webpack-dev-server"
    },
    "keywords": [],
    "author": "",
    "license": "ISC"
  }

yarn manifest: 
  No manifest

Lockfile: 
  No lockfile
